C:\MastersWeb\DragRace\DragRace\DragRace\DragRace\Scripts\app\pageOne\pageTwo.js
C:\MastersWeb\DragRace\DragRace\DragRace\DragRace\Scripts\app\pageOne\pageTwo.js.map
C:\MastersWeb\DragRace\DragRace\DragRace\DragRace\Scripts\app\pageTwo\pageOne.js
C:\MastersWeb\DragRace\DragRace\DragRace\DragRace\Scripts\app\pageTwo\pageOne.js.map
C:\MastersWeb\DragRace\DragRace\DragRace\DragRace\Scripts\Old\oldOne.js
C:\MastersWeb\DragRace\DragRace\DragRace\DragRace\Scripts\Old\oldOne.js.map
C:\MastersWeb\DragRace\DragRace\DragRace\DragRace\Scripts\app\pageOne\pageTwo.js
C:\MastersWeb\DragRace\DragRace\DragRace\DragRace\Scripts\app\pageOne\pageTwo.js.map
C:\MastersWeb\DragRace\DragRace\DragRace\DragRace\Scripts\app\pageTwo\pageOne.js
C:\MastersWeb\DragRace\DragRace\DragRace\DragRace\Scripts\app\pageTwo\pageOne.js.map
C:\MastersWeb\DragRace\DragRace\DragRace\DragRace\Scripts\Old\oldOne.js
C:\MastersWeb\DragRace\DragRace\DragRace\DragRace\Scripts\Old\oldOne.js.map
C:\MastersWeb\DragRace\DragRace\DragRace\DragRace\Scripts\app\pageOne\pageTwo.js
C:\MastersWeb\DragRace\DragRace\DragRace\DragRace\Scripts\app\pageOne\pageTwo.js.map
C:\MastersWeb\DragRace\DragRace\DragRace\DragRace\Scripts\app\pageTwo\pageOne.js
C:\MastersWeb\DragRace\DragRace\DragRace\DragRace\Scripts\app\pageTwo\pageOne.js.map
C:\MastersWeb\DragRace\DragRace\DragRace\DragRace\Scripts\Old\oldOne.js
C:\MastersWeb\DragRace\DragRace\DragRace\DragRace\Scripts\Old\oldOne.js.map
C:\MastersWeb\DragRace\DragRace\DragRace\DragRace\Scripts\app\pageOne\pageTwo.js
C:\MastersWeb\DragRace\DragRace\DragRace\DragRace\Scripts\app\pageOne\pageTwo.js.map
C:\MastersWeb\DragRace\DragRace\DragRace\DragRace\Scripts\app\pageTwo\pageOne.js
C:\MastersWeb\DragRace\DragRace\DragRace\DragRace\Scripts\app\pageTwo\pageOne.js.map
C:\MastersWeb\DragRace\DragRace\DragRace\DragRace\Scripts\Old\oldOne.js
C:\MastersWeb\DragRace\DragRace\DragRace\DragRace\Scripts\Old\oldOne.js.map
